{
  "0 debug pnpm:scope": {
    "selected": 1
  },
  "1 error pnpm": {
    "errno": 1,
    "code": "ELIFECYCLE",
    "pkgid": "lingman-pub@1.0.2",
    "stage": "release",
    "script": "npx bumpp &&  npm publish --registry https://registry.npmjs.org",
    "pkgname": "lingman-pub",
    "err": {
      "name": "pnpm",
      "message": "lingman-pub@1.0.2 release: `npx bumpp &&  npm publish --registry https://registry.npmjs.org`\nExit status 1",
      "code": "ELIFECYCLE",
      "stack": "pnpm: lingman-pub@1.0.2 release: `npx bumpp &&  npm publish --registry https://registry.npmjs.org`\nExit status 1\n    at EventEmitter.<anonymous> (C:\\Users\\lingman\\AppData\\Roaming\\npm\\node_modules\\pnpm\\dist\\pnpm.cjs:108610:20)\n    at EventEmitter.emit (node:events:527:28)\n    at ChildProcess.<anonymous> (C:\\Users\\lingman\\AppData\\Roaming\\npm\\node_modules\\pnpm\\dist\\pnpm.cjs:95176:18)\n    at ChildProcess.emit (node:events:527:28)\n    at maybeClose (node:internal/child_process:1092:16)\n    at Process.ChildProcess._handle.onexit (node:internal/child_process:302:5)"
    }
  },
  "2 warn pnpm:global": " Local package.json exists, but node_modules missing, did you mean to install?"
}